
*** Running vivado
    with args -log top.vds -m64 -product Vivado -mode batch -messageDb vivado.pb -notrace -source top.tcl


ECHO est  desactivado.
ECHO est  desactivado.

****** Vivado v2023.1 (64-bit)
  **** SW Build 3865809 on Sun May  7 15:05:29 MDT 2023
  **** IP Build 3864474 on Sun May  7 20:36:21 MDT 2023
  **** SharedData Build 3865790 on Sun May 07 13:33:03 MDT 2023
    ** Copyright 1986-2022 Xilinx, Inc. All Rights Reserved.
    ** Copyright 2022-2023 Advanced Micro Devices, Inc. All Rights Reserved.

source top.tcl -notrace
create_project: Time (s): cpu = 00:00:05 ; elapsed = 00:00:09 . Memory (MB): peak = 461.891 ; gain = 195.887
Command: read_checkpoint -auto_incremental -incremental C:/Users/alvar/OneDrive/Escritorio/Trabajo_SED/CLAVE-SECRETA-VHDL/SED.srcs/utils_1/imports/synth_1/top.dcp
INFO: [Vivado 12-5825] Read reference checkpoint from C:/Users/alvar/OneDrive/Escritorio/Trabajo_SED/CLAVE-SECRETA-VHDL/SED.srcs/utils_1/imports/synth_1/top.dcp for incremental synthesis
INFO: [Vivado 12-7989] Please ensure there are no constraint changes
Command: synth_design -top top -part xc7a100tcsg324-1
Starting synth_design
Attempting to get a license for feature 'Synthesis' and/or device 'xc7a100t'
INFO: [Common 17-349] Got license for feature 'Synthesis' and/or device 'xc7a100t'
INFO: [Device 21-403] Loading part xc7a100tcsg324-1
INFO: [Designutils 20-5440] No compile time benefit to using incremental synthesis; A full resynthesis will be run
INFO: [Designutils 20-4379] Flow is switching to default flow due to incremental criteria not met. If you would like to alter this behaviour and have the flow terminate instead, please set the following parameter config_implementation {autoIncr.Synth.RejectBehavior Terminate}
INFO: [Synth 8-7079] Multithreading enabled for synth_design using a maximum of 2 processes.
INFO: [Synth 8-7078] Launching helper process for spawning children vivado processes
INFO: [Synth 8-7075] Helper process launched with PID 6724
---------------------------------------------------------------------------------
Starting RTL Elaboration : Time (s): cpu = 00:00:03 ; elapsed = 00:00:07 . Memory (MB): peak = 1295.297 ; gain = 412.793
---------------------------------------------------------------------------------
INFO: [Synth 8-638] synthesizing module 'top' [C:/Users/alvar/OneDrive/Escritorio/Trabajo_SED/CLAVE-SECRETA-VHDL/SED.srcs/sources_1/new/top.vhd:21]
INFO: [Synth 8-3491] module 'decoder' declared at 'C:/Users/alvar/OneDrive/Escritorio/Trabajo_SED/CLAVE-SECRETA-VHDL/SED.srcs/sources_1/new/decoder.vhd:6' bound to instance 'Inst_decoder' of component 'decoder' [C:/Users/alvar/OneDrive/Escritorio/Trabajo_SED/CLAVE-SECRETA-VHDL/SED.srcs/sources_1/new/top.vhd:45]
INFO: [Synth 8-638] synthesizing module 'decoder' [C:/Users/alvar/OneDrive/Escritorio/Trabajo_SED/CLAVE-SECRETA-VHDL/SED.srcs/sources_1/new/decoder.vhd:13]
INFO: [Synth 8-256] done synthesizing module 'decoder' (0#1) [C:/Users/alvar/OneDrive/Escritorio/Trabajo_SED/CLAVE-SECRETA-VHDL/SED.srcs/sources_1/new/decoder.vhd:13]
INFO: [Synth 8-3491] module 'EDGEDCTR' declared at 'C:/Users/alvar/OneDrive/Escritorio/Trabajo_SED/CLAVE-SECRETA-VHDL/SED.srcs/sources_1/new/EDGEDCTR.vhd:6' bound to instance 'inst_edge' of component 'EDGEDCTR' [C:/Users/alvar/OneDrive/Escritorio/Trabajo_SED/CLAVE-SECRETA-VHDL/SED.srcs/sources_1/new/top.vhd:50]
INFO: [Synth 8-638] synthesizing module 'EDGEDCTR' [C:/Users/alvar/OneDrive/Escritorio/Trabajo_SED/CLAVE-SECRETA-VHDL/SED.srcs/sources_1/new/EDGEDCTR.vhd:11]
INFO: [Synth 8-256] done synthesizing module 'EDGEDCTR' (0#1) [C:/Users/alvar/OneDrive/Escritorio/Trabajo_SED/CLAVE-SECRETA-VHDL/SED.srcs/sources_1/new/EDGEDCTR.vhd:11]
INFO: [Synth 8-3491] module 'SYNCHRNZR' declared at 'C:/Users/alvar/OneDrive/Escritorio/Trabajo_SED/CLAVE-SECRETA-VHDL/SED.srcs/sources_1/new/SYNCHRNZR.vhd:6' bound to instance 'inst_sync' of component 'SYNCHRNZR' [C:/Users/alvar/OneDrive/Escritorio/Trabajo_SED/CLAVE-SECRETA-VHDL/SED.srcs/sources_1/new/top.vhd:57]
INFO: [Synth 8-638] synthesizing module 'SYNCHRNZR' [C:/Users/alvar/OneDrive/Escritorio/Trabajo_SED/CLAVE-SECRETA-VHDL/SED.srcs/sources_1/new/SYNCHRNZR.vhd:11]
INFO: [Synth 8-256] done synthesizing module 'SYNCHRNZR' (0#1) [C:/Users/alvar/OneDrive/Escritorio/Trabajo_SED/CLAVE-SECRETA-VHDL/SED.srcs/sources_1/new/SYNCHRNZR.vhd:11]
INFO: [Synth 8-256] done synthesizing module 'top' (0#1) [C:/Users/alvar/OneDrive/Escritorio/Trabajo_SED/CLAVE-SECRETA-VHDL/SED.srcs/sources_1/new/top.vhd:21]
---------------------------------------------------------------------------------
Finished RTL Elaboration : Time (s): cpu = 00:00:04 ; elapsed = 00:00:09 . Memory (MB): peak = 1384.234 ; gain = 501.730
---------------------------------------------------------------------------------
---------------------------------------------------------------------------------
Start Handling Custom Attributes
---------------------------------------------------------------------------------
---------------------------------------------------------------------------------
Finished Handling Custom Attributes : Time (s): cpu = 00:00:04 ; elapsed = 00:00:09 . Memory (MB): peak = 1384.234 ; gain = 501.730
---------------------------------------------------------------------------------
---------------------------------------------------------------------------------
Finished RTL Optimization Phase 1 : Time (s): cpu = 00:00:04 ; elapsed = 00:00:09 . Memory (MB): peak = 1384.234 ; gain = 501.730
---------------------------------------------------------------------------------
Netlist sorting complete. Time (s): cpu = 00:00:00 ; elapsed = 00:00:00.001 . Memory (MB): peak = 1384.234 ; gain = 0.000
INFO: [Project 1-570] Preparing netlist for logic optimization

Processing XDC Constraints
Initializing timing engine
Parsing XDC File [C:/Users/alvar/OneDrive/Escritorio/Trabajo_SED/CLAVE-SECRETA-VHDL/Nexys-4-DDR-Master.xdc]
Finished Parsing XDC File [C:/Users/alvar/OneDrive/Escritorio/Trabajo_SED/CLAVE-SECRETA-VHDL/Nexys-4-DDR-Master.xdc]
INFO: [Project 1-236] Implementation specific constraints were found while reading constraint file [C:/Users/alvar/OneDrive/Escritorio/Trabajo_SED/CLAVE-SECRETA-VHDL/Nexys-4-DDR-Master.xdc]. These constraints will be ignored for synthesis but will be used in implementation. Impacted constraints are listed in the file [.Xil/top_propImpl.xdc].
Resolution: To avoid this warning, move constraints listed in [.Xil/top_propImpl.xdc] to another XDC file and exclude this new file from synthesis with the used_in_synthesis property (File Properties dialog in GUI) and re-run elaboration/synthesis.
Completed Processing XDC Constraints

Netlist sorting complete. Time (s): cpu = 00:00:00 ; elapsed = 00:00:00 . Memory (MB): peak = 1418.105 ; gain = 0.000
INFO: [Project 1-111] Unisim Transformation Summary:
No Unisim elements were transformed.

Constraint Validation Runtime : Time (s): cpu = 00:00:00 ; elapsed = 00:00:00.003 . Memory (MB): peak = 1418.105 ; gain = 0.000
INFO: [Designutils 20-5440] No compile time benefit to using incremental synthesis; A full resynthesis will be run
INFO: [Designutils 20-4379] Flow is switching to default flow due to incremental criteria not met. If you would like to alter this behaviour and have the flow terminate instead, please set the following parameter config_implementation {autoIncr.Synth.RejectBehavior Terminate}
---------------------------------------------------------------------------------
Finished Constraint Validation : Time (s): cpu = 00:00:09 ; elapsed = 00:00:17 . Memory (MB): peak = 1418.105 ; gain = 535.602
---------------------------------------------------------------------------------
---------------------------------------------------------------------------------
Start Loading Part and Timing Information
---------------------------------------------------------------------------------
Loading part: xc7a100tcsg324-1
---------------------------------------------------------------------------------
Finished Loading Part and Timing Information : Time (s): cpu = 00:00:09 ; elapsed = 00:00:17 . Memory (MB): peak = 1418.105 ; gain = 535.602
---------------------------------------------------------------------------------
---------------------------------------------------------------------------------
Start Applying 'set_property' XDC Constraints
---------------------------------------------------------------------------------
---------------------------------------------------------------------------------
Finished applying 'set_property' XDC Constraints : Time (s): cpu = 00:00:09 ; elapsed = 00:00:17 . Memory (MB): peak = 1418.105 ; gain = 535.602
---------------------------------------------------------------------------------
INFO: [Synth 8-802] inferred FSM for state register 'current_state_reg' in module 'top'
---------------------------------------------------------------------------------------------------
                   State |                     New Encoding |                Previous Encoding 
---------------------------------------------------------------------------------------------------
                      s0 |                            00001 |                              000
                      s1 |                            00010 |                              001
                      s2 |                            00100 |                              010
                      s3 |                            01000 |                              011
                      s4 |                            10000 |                              100
---------------------------------------------------------------------------------------------------
INFO: [Synth 8-3354] encoded FSM with state register 'current_state_reg' using encoding 'one-hot' in module 'top'
WARNING: [Synth 8-327] inferring latch for variable 'led_p_reg' [C:/Users/alvar/OneDrive/Escritorio/Trabajo_SED/CLAVE-SECRETA-VHDL/SED.srcs/sources_1/new/top.vhd:109]
---------------------------------------------------------------------------------
Finished RTL Optimization Phase 2 : Time (s): cpu = 00:00:10 ; elapsed = 00:00:18 . Memory (MB): peak = 1418.105 ; gain = 535.602
---------------------------------------------------------------------------------
---------------------------------------------------------------------------------
Start RTL Component Statistics 
---------------------------------------------------------------------------------
Detailed RTL Component Info : 
+---Registers : 
	                3 Bit    Registers := 1     
	                2 Bit    Registers := 1     
	                1 Bit    Registers := 1     
+---Muxes : 
	   5 Input    4 Bit        Muxes := 1     
	   2 Input    1 Bit        Muxes := 1     
---------------------------------------------------------------------------------
Finished RTL Component Statistics 
---------------------------------------------------------------------------------
---------------------------------------------------------------------------------
Start Part Resource Summary
---------------------------------------------------------------------------------
Part Resources:
DSPs: 240 (col length:80)
BRAMs: 270 (col length: RAMB18 80 RAMB36 40)
---------------------------------------------------------------------------------
Finished Part Resource Summary
---------------------------------------------------------------------------------
---------------------------------------------------------------------------------
Start Cross Boundary and Area Optimization
---------------------------------------------------------------------------------
WARNING: [Synth 8-7080] Parallel synthesis criteria is not met
WARNING: [Synth 8-3332] Sequential element (led_p_reg) is unused and will be removed from module top.
---------------------------------------------------------------------------------
Finished Cross Boundary and Area Optimization : Time (s): cpu = 00:00:11 ; elapsed = 00:00:20 . Memory (MB): peak = 1418.105 ; gain = 535.602
---------------------------------------------------------------------------------
---------------------------------------------------------------------------------
Start Applying XDC Timing Constraints
---------------------------------------------------------------------------------
---------------------------------------------------------------------------------
Finished Applying XDC Timing Constraints : Time (s): cpu = 00:00:14 ; elapsed = 00:00:26 . Memory (MB): peak = 1418.105 ; gain = 535.602
---------------------------------------------------------------------------------
---------------------------------------------------------------------------------
Start Timing Optimization
---------------------------------------------------------------------------------
---------------------------------------------------------------------------------
Finished Timing Optimization : Time (s): cpu = 00:00:14 ; elapsed = 00:00:26 . Memory (MB): peak = 1418.105 ; gain = 535.602
---------------------------------------------------------------------------------
---------------------------------------------------------------------------------
Start Technology Mapping
---------------------------------------------------------------------------------
---------------------------------------------------------------------------------
Finished Technology Mapping : Time (s): cpu = 00:00:14 ; elapsed = 00:00:26 . Memory (MB): peak = 1418.105 ; gain = 535.602
---------------------------------------------------------------------------------
---------------------------------------------------------------------------------
Start IO Insertion
---------------------------------------------------------------------------------
---------------------------------------------------------------------------------
Start Flattening Before IO Insertion
---------------------------------------------------------------------------------
---------------------------------------------------------------------------------
Finished Flattening Before IO Insertion
---------------------------------------------------------------------------------
---------------------------------------------------------------------------------
Start Final Netlist Cleanup
---------------------------------------------------------------------------------
---------------------------------------------------------------------------------
Finished Final Netlist Cleanup
---------------------------------------------------------------------------------
---------------------------------------------------------------------------------
Finished IO Insertion : Time (s): cpu = 00:00:18 ; elapsed = 00:00:31 . Memory (MB): peak = 1418.105 ; gain = 535.602
---------------------------------------------------------------------------------
---------------------------------------------------------------------------------
Start Renaming Generated Instances
---------------------------------------------------------------------------------
---------------------------------------------------------------------------------
Finished Renaming Generated Instances : Time (s): cpu = 00:00:18 ; elapsed = 00:00:31 . Memory (MB): peak = 1418.105 ; gain = 535.602
---------------------------------------------------------------------------------
---------------------------------------------------------------------------------
Start Rebuilding User Hierarchy
---------------------------------------------------------------------------------
---------------------------------------------------------------------------------
Finished Rebuilding User Hierarchy : Time (s): cpu = 00:00:18 ; elapsed = 00:00:31 . Memory (MB): peak = 1418.105 ; gain = 535.602
---------------------------------------------------------------------------------
---------------------------------------------------------------------------------
Start Renaming Generated Ports
---------------------------------------------------------------------------------
---------------------------------------------------------------------------------
Finished Renaming Generated Ports : Time (s): cpu = 00:00:18 ; elapsed = 00:00:31 . Memory (MB): peak = 1418.105 ; gain = 535.602
---------------------------------------------------------------------------------
---------------------------------------------------------------------------------
Start Handling Custom Attributes
---------------------------------------------------------------------------------
---------------------------------------------------------------------------------
Finished Handling Custom Attributes : Time (s): cpu = 00:00:18 ; elapsed = 00:00:31 . Memory (MB): peak = 1418.105 ; gain = 535.602
---------------------------------------------------------------------------------
---------------------------------------------------------------------------------
Start Renaming Generated Nets
---------------------------------------------------------------------------------
---------------------------------------------------------------------------------
Finished Renaming Generated Nets : Time (s): cpu = 00:00:18 ; elapsed = 00:00:31 . Memory (MB): peak = 1418.105 ; gain = 535.602
---------------------------------------------------------------------------------
---------------------------------------------------------------------------------
Start ROM, RAM, DSP, Shift Register and Retiming Reporting
---------------------------------------------------------------------------------

Static Shift Register Report:
+------------+-----------------------+--------+-------+--------------+--------------------+-------------------+--------+---------+
|Module Name | RTL Name              | Length | Width | Reset Signal | Pull out first Reg | Pull out last Reg | SRL16E | SRLC32E | 
+------------+-----------------------+--------+-------+--------------+--------------------+-------------------+--------+---------+
|top         | inst_edge/sreg_reg[0] | 4      | 1     | NO           | YES                | YES               | 1      | 0       | 
+------------+-----------------------+--------+-------+--------------+--------------------+-------------------+--------+---------+

---------------------------------------------------------------------------------
Finished ROM, RAM, DSP, Shift Register and Retiming Reporting
---------------------------------------------------------------------------------
---------------------------------------------------------------------------------
Start Writing Synthesis Report
---------------------------------------------------------------------------------

Report BlackBoxes: 
+-+--------------+----------+
| |BlackBox name |Instances |
+-+--------------+----------+
+-+--------------+----------+

Report Cell Usage: 
+------+-------+------+
|      |Cell   |Count |
+------+-------+------+
|1     |BUFG   |     1|
|2     |LUT3   |     1|
|3     |LUT4   |    11|
|4     |SRL16E |     1|
|5     |FDCE   |     4|
|6     |FDPE   |     1|
|7     |FDRE   |     4|
|8     |IBUF   |     7|
|9     |OBUF   |    12|
+------+-------+------+
---------------------------------------------------------------------------------
Finished Writing Synthesis Report : Time (s): cpu = 00:00:18 ; elapsed = 00:00:31 . Memory (MB): peak = 1418.105 ; gain = 535.602
---------------------------------------------------------------------------------
Synthesis finished with 0 errors, 0 critical warnings and 3 warnings.
Synthesis Optimization Runtime : Time (s): cpu = 00:00:13 ; elapsed = 00:00:29 . Memory (MB): peak = 1418.105 ; gain = 501.730
Synthesis Optimization Complete : Time (s): cpu = 00:00:18 ; elapsed = 00:00:31 . Memory (MB): peak = 1418.105 ; gain = 535.602
INFO: [Project 1-571] Translating synthesized netlist
Netlist sorting complete. Time (s): cpu = 00:00:00 ; elapsed = 00:00:00 . Memory (MB): peak = 1418.105 ; gain = 0.000
INFO: [Project 1-570] Preparing netlist for logic optimization
INFO: [Opt 31-138] Pushed 0 inverter(s) to 0 load pin(s).
Netlist sorting complete. Time (s): cpu = 00:00:00 ; elapsed = 00:00:00 . Memory (MB): peak = 1420.727 ; gain = 0.000
INFO: [Project 1-111] Unisim Transformation Summary:
No Unisim elements were transformed.

Synth Design complete | Checksum: 83f26e7
INFO: [Common 17-83] Releasing license: Synthesis
32 Infos, 3 Warnings, 0 Critical Warnings and 0 Errors encountered.
synth_design completed successfully
synth_design: Time (s): cpu = 00:00:21 ; elapsed = 00:00:37 . Memory (MB): peak = 1420.727 ; gain = 933.988
INFO: [Common 17-1381] The checkpoint 'C:/Users/alvar/OneDrive/Escritorio/Trabajo_SED/CLAVE-SECRETA-VHDL/SED.runs/synth_1/top.dcp' has been generated.
INFO: [runtcl-4] Executing : report_utilization -file top_utilization_synth.rpt -pb top_utilization_synth.pb
INFO: [Common 17-206] Exiting Vivado at Fri Dec  1 14:13:22 2023...
